{"type":"server-started","port":49200,"host":"127.0.0.1","url_host":"localhost","url":"http://localhost:49200","screen_dir":"/Users/calebjohnson/Desktop/Grapevine/a2zero-wiki/.superpowers/brainstorm/27812-1781803565/content","state_dir":"/Users/calebjohnson/Desktop/Grapevine/a2zero-wiki/.superpowers/brainstorm/27812-1781803565/state"}
{"type":"screen-added","file":"/Users/calebjohnson/Desktop/Grapevine/a2zero-wiki/.superpowers/brainstorm/27812-1781803565/content/pipeline-overview.html"}
{"type":"screen-updated","file":"/Users/calebjohnson/Desktop/Grapevine/a2zero-wiki/.superpowers/brainstorm/27812-1781803565/content/pipeline-overview.html"}
{"type":"screen-updated","file":"/Users/calebjohnson/Desktop/Grapevine/a2zero-wiki/.superpowers/brainstorm/27812-1781803565/content/pipeline-overview.html"}
{"type":"screen-updated","file":"/Users/calebjohnson/Desktop/Grapevine/a2zero-wiki/.superpowers/brainstorm/27812-1781803565/content/pipeline-overview.html"}
{"type":"screen-added","file":"/Users/calebjohnson/Desktop/Grapevine/a2zero-wiki/.superpowers/brainstorm/27812-1781803565/content/pipeline-corrected.html"}
{"type":"screen-updated","file":"/Users/calebjohnson/Desktop/Grapevine/a2zero-wiki/.superpowers/brainstorm/27812-1781803565/content/pipeline-corrected.html"}
{"type":"screen-updated","file":"/Users/calebjohnson/Desktop/Grapevine/a2zero-wiki/.superpowers/brainstorm/27812-1781803565/content/pipeline-corrected.html"}
{"type":"screen-updated","file":"/Users/calebjohnson/Desktop/Grapevine/a2zero-wiki/.superpowers/brainstorm/27812-1781803565/content/pipeline-corrected.html"}
{"type":"screen-added","file":"/Users/calebjohnson/Desktop/Grapevine/a2zero-wiki/.superpowers/brainstorm/27812-1781803565/content/approaches.html"}
{"type":"screen-updated","file":"/Users/calebjohnson/Desktop/Grapevine/a2zero-wiki/.superpowers/brainstorm/27812-1781803565/content/approaches.html"}
{"type":"screen-updated","file":"/Users/calebjohnson/Desktop/Grapevine/a2zero-wiki/.superpowers/brainstorm/27812-1781803565/content/approaches.html"}
{"type":"screen-updated","file":"/Users/calebjohnson/Desktop/Grapevine/a2zero-wiki/.superpowers/brainstorm/27812-1781803565/content/approaches.html"}
{"type":"screen-added","file":"/Users/calebjohnson/Desktop/Grapevine/a2zero-wiki/.superpowers/brainstorm/27812-1781803565/content/approaches-v2.html"}
{"type":"screen-updated","file":"/Users/calebjohnson/Desktop/Grapevine/a2zero-wiki/.superpowers/brainstorm/27812-1781803565/content/approaches-v2.html"}
{"type":"screen-updated","file":"/Users/calebjohnson/Desktop/Grapevine/a2zero-wiki/.superpowers/brainstorm/27812-1781803565/content/approaches-v2.html"}
{"type":"screen-updated","file":"/Users/calebjohnson/Desktop/Grapevine/a2zero-wiki/.superpowers/brainstorm/27812-1781803565/content/approaches-v2.html"}
{"type":"screen-updated","file":"/Users/calebjohnson/Desktop/Grapevine/a2zero-wiki/.superpowers/brainstorm/27812-1781803565/content/approaches-v2.html"}
{"type":"screen-added","file":"/Users/calebjohnson/Desktop/Grapevine/a2zero-wiki/.superpowers/brainstorm/27812-1781803565/content/dark-matter.html"}
{"type":"screen-updated","file":"/Users/calebjohnson/Desktop/Grapevine/a2zero-wiki/.superpowers/brainstorm/27812-1781803565/content/dark-matter.html"}
{"type":"screen-updated","file":"/Users/calebjohnson/Desktop/Grapevine/a2zero-wiki/.superpowers/brainstorm/27812-1781803565/content/dark-matter.html"}
{"type":"screen-updated","file":"/Users/calebjohnson/Desktop/Grapevine/a2zero-wiki/.superpowers/brainstorm/27812-1781803565/content/dark-matter.html"}
{"type":"screen-added","file":"/Users/calebjohnson/Desktop/Grapevine/a2zero-wiki/.superpowers/brainstorm/27812-1781803565/content/synthesis-pages.html"}
{"type":"screen-updated","file":"/Users/calebjohnson/Desktop/Grapevine/a2zero-wiki/.superpowers/brainstorm/27812-1781803565/content/synthesis-pages.html"}
{"type":"screen-updated","file":"/Users/calebjohnson/Desktop/Grapevine/a2zero-wiki/.superpowers/brainstorm/27812-1781803565/content/synthesis-pages.html"}
{"type":"screen-updated","file":"/Users/calebjohnson/Desktop/Grapevine/a2zero-wiki/.superpowers/brainstorm/27812-1781803565/content/synthesis-pages.html"}
{"type":"screen-updated","file":"/Users/calebjohnson/Desktop/Grapevine/a2zero-wiki/.superpowers/brainstorm/27812-1781803565/content/synthesis-pages.html"}
{"type":"screen-added","file":"/Users/calebjohnson/Desktop/Grapevine/a2zero-wiki/.superpowers/brainstorm/27812-1781803565/content/full-schema.html"}
{"type":"screen-updated","file":"/Users/calebjohnson/Desktop/Grapevine/a2zero-wiki/.superpowers/brainstorm/27812-1781803565/content/full-schema.html"}
{"type":"screen-updated","file":"/Users/calebjohnson/Desktop/Grapevine/a2zero-wiki/.superpowers/brainstorm/27812-1781803565/content/full-schema.html"}
{"type":"screen-updated","file":"/Users/calebjohnson/Desktop/Grapevine/a2zero-wiki/.superpowers/brainstorm/27812-1781803565/content/full-schema.html"}
{"type":"screen-updated","file":"/Users/calebjohnson/Desktop/Grapevine/a2zero-wiki/.superpowers/brainstorm/27812-1781803565/content/full-schema.html"}
{"type":"server-stopped","reason":"owner process exited"}
